\BOOKMARK [0][-]{titlepage.0}{\376\377\000T\000I\000T\000L\000E\000\040\000P\000A\000G\000E}{}% 1
\BOOKMARK [0][-]{committeeapproval.0}{\376\377\000C\000O\000M\000M\000I\000T\000T\000E\000E\000\040\000A\000P\000P\000R\000O\000V\000A\000L}{}% 2
\BOOKMARK [0][-]{acknowledments.0}{\376\377\000A\000C\000K\000N\000O\000W\000L\000E\000D\000G\000M\000E\000N\000T\000S}{}% 3
\BOOKMARK [0][-]{Contents.0}{\376\377\000T\000A\000B\000L\000E\000\040\000O\000F\000\040\000C\000O\000N\000T\000E\000N\000T\000S}{}% 4
\BOOKMARK [0][-]{chapter*.4}{\376\377\000L\000I\000S\000T\000\040\000O\000F\000\040\000T\000A\000B\000L\000E\000S}{}% 5
\BOOKMARK [0][-]{chapter*.5}{\376\377\000L\000I\000S\000T\000\040\000O\000F\000\040\000F\000I\000G\000U\000R\000E\000S}{}% 6
\BOOKMARK [0][-]{chapter*.6}{\376\377\000L\000I\000S\000T\000\040\000O\000F\000\040\000L\000I\000S\000T\000I\000N\000G\000S}{}% 7
\BOOKMARK [0][-]{chapter*.7}{\376\377\000L\000I\000S\000T\000\040\000O\000F\000\040\000P\000R\000O\000T\000O\000C\000O\000L\000S}{}% 8
\BOOKMARK [0][-]{chapter*.8}{\376\377\000G\000L\000O\000S\000S\000A\000R\000Y}{}% 9
\BOOKMARK [0][-]{chapter*.9}{\376\377\000A\000B\000S\000T\000R\000A\000C\000T}{}% 10
\BOOKMARK [0][-]{chapter.10}{\376\377\000I\000N\000T\000R\000O\000D\000U\000C\000T\000I\000O\000N}{}% 11
\BOOKMARK [0][-]{chapter.11}{\376\377\000A\000\040\000S\000Y\000S\000T\000E\000M\000A\000T\000I\000C\000\040\000S\000T\000U\000D\000Y\000\040\000O\000F\000\040\000C\000R\000Y\000P\000T\000O\000G\000R\000A\000P\000H\000I\000C\000\040\000F\000U\000N\000C\000T\000I\000O\000N\000\040\000I\000D\000E\000N\000T\000I\000F\000I\000C\000A\000T\000I\000O\000N\000\040\000A\000P\000P\000R\000O\000A\000C\000H\000E\000S\000\040\000I\000N\000\040\000B\000I\000N\000A\000R\000I\000E\000S}{}% 12
\BOOKMARK [1][-]{section.16}{\376\377\000I\000n\000t\000r\000o\000d\000u\000c\000t\000i\000o\000n}{chapter.11}% 13
\BOOKMARK [2][-]{subsection.18}{\376\377\000O\000u\000r\000\040\000C\000o\000n\000t\000r\000i\000b\000u\000t\000i\000o\000n\000s}{section.16}% 14
\BOOKMARK [2][-]{subsection.19}{\376\377\000C\000h\000a\000p\000t\000e\000r\000\040\000O\000r\000g\000a\000n\000i\000z\000a\000t\000i\000o\000n}{section.16}% 15
\BOOKMARK [1][-]{section.20}{\376\377\000B\000a\000c\000k\000g\000r\000o\000u\000n\000d}{chapter.11}% 16
\BOOKMARK [2][-]{subsection.22}{\376\377\000C\000a\000t\000e\000g\000o\000r\000i\000z\000a\000t\000i\000o\000n\000\040\000o\000f\000\040\000D\000e\000t\000e\000c\000t\000i\000o\000n\000\040\000A\000p\000p\000r\000o\000a\000c\000h\000e\000s}{section.20}% 17
\BOOKMARK [2][-]{subsection.23}{\376\377\000C\000r\000y\000p\000t\000o\000g\000r\000a\000p\000h\000i\000c\000\040\000F\000e\000a\000t\000u\000r\000e\000s}{section.20}% 18
\BOOKMARK [2][-]{subsection.24}{\376\377\000A\000p\000p\000l\000i\000c\000a\000t\000i\000o\000n\000s\000\040\000w\000i\000t\000h\000\040\000M\000o\000d\000e\000r\000n\000\040\000C\000r\000y\000p\000t\000o\000g\000r\000a\000p\000h\000i\000c\000\040\000A\000l\000g\000o\000r\000i\000t\000h\000m\000s}{section.20}% 19
\BOOKMARK [1][-]{section.25}{\376\377\000O\000v\000e\000r\000v\000i\000e\000w}{chapter.11}% 20
\BOOKMARK [2][-]{subsection.26}{\376\377\000C\000r\000y\000p\000t\000o\000g\000r\000a\000p\000h\000i\000c\000\040\000A\000l\000g\000o\000r\000i\000t\000h\000m\000\040\000D\000e\000t\000e\000c\000t\000i\000o\000n\000\040\000T\000o\000o\000l\000s}{section.25}% 21
\BOOKMARK [2][-]{subsection.29}{\376\377\000C\000a\000t\000e\000g\000o\000r\000i\000z\000a\000t\000i\000o\000n\000\040\000o\000f\000\040\000C\000r\000y\000p\000t\000o\000g\000r\000a\000p\000h\000i\000c\000\040\000A\000l\000g\000o\000r\000i\000t\000h\000m\000\040\000D\000e\000t\000e\000c\000t\000i\000o\000n\000\040\000T\000o\000o\000l\000s}{section.25}% 22
\BOOKMARK [1][-]{section.31}{\376\377\000P\000r\000e\000v\000i\000o\000u\000s\000\040\000E\000v\000a\000l\000u\000a\000t\000i\000o\000n\000s}{chapter.11}% 23
\BOOKMARK [2][-]{subsection.33}{\376\377\000L\000a\000c\000k\000\040\000o\000f\000\040\000E\000v\000a\000l\000u\000a\000t\000i\000o\000n\000\040\000E\000x\000p\000e\000r\000i\000m\000e\000n\000t\000s}{section.31}% 24
\BOOKMARK [2][-]{subsection.34}{\376\377\000E\000v\000a\000l\000u\000a\000t\000i\000o\000n\000\040\000w\000i\000t\000h\000\040\000B\000a\000s\000i\000c\000\040\000C\000r\000y\000p\000t\000o\000g\000r\000a\000p\000h\000i\000c\000\040\000A\000l\000g\000o\000r\000i\000t\000h\000m\000s}{section.31}% 25
\BOOKMARK [2][-]{subsection.36}{\376\377\000E\000v\000a\000l\000u\000a\000t\000i\000o\000n\000\040\000w\000i\000t\000h\000\040\000R\000e\000a\000l\000\040\000W\000o\000r\000l\000d\000\040\000A\000p\000p\000l\000i\000c\000a\000t\000i\000o\000n\000s}{section.31}% 26
\BOOKMARK [2][-]{subsection.37}{\376\377\000M\000e\000a\000s\000u\000r\000e\000m\000e\000n\000t\000s\000\040\000a\000n\000d\000\040\000M\000e\000t\000r\000i\000c\000s\000\040\000D\000e\000s\000i\000g\000n\000\040\000i\000n\000\040\000P\000r\000e\000v\000i\000o\000u\000s\000\040\000E\000x\000p\000e\000r\000i\000m\000e\000n\000t\000s}{section.31}% 27
\BOOKMARK [1][-]{section.39}{\376\377\000A\000n\000a\000l\000y\000s\000i\000s\000\040\000F\000r\000a\000m\000e\000w\000o\000r\000k\000\040\000f\000o\000r\000\040\000O\000p\000e\000n\000-\000S\000o\000u\000r\000c\000e\000\040\000D\000e\000t\000e\000c\000t\000i\000o\000n\000\040\000T\000o\000o\000l\000s}{chapter.11}% 28
\BOOKMARK [2][-]{subsection.40}{\376\377\000B\000e\000n\000c\000h\000m\000a\000r\000k\000i\000n\000g\000\040\000F\000r\000a\000m\000e\000w\000o\000r\000k}{section.39}% 29
\BOOKMARK [2][-]{subsection.41}{\376\377\000E\000v\000a\000l\000u\000a\000t\000i\000o\000n\000\040\000M\000e\000t\000r\000i\000c\000s}{section.39}% 30
\BOOKMARK [1][-]{section.56}{\376\377\000R\000e\000p\000r\000o\000d\000u\000c\000t\000i\000o\000n}{chapter.11}% 31
\BOOKMARK [2][-]{subsection.60}{\376\377\000N\000o\000n\000-\000R\000e\000p\000r\000o\000d\000u\000c\000i\000b\000l\000e\000\040\000T\000o\000o\000l\000s}{section.56}% 32
\BOOKMARK [1][-]{section.61}{\376\377\000R\000e\000p\000l\000i\000c\000a\000t\000i\000o\000n}{chapter.11}% 33
\BOOKMARK [2][-]{subsection.65}{\376\377\000N\000o\000n\000-\000R\000e\000p\000l\000i\000c\000a\000b\000l\000e\000\040\000T\000o\000o\000l\000s}{section.61}% 34
\BOOKMARK [2][-]{subsection.66}{\376\377\000U\000n\000e\000x\000p\000e\000c\000t\000e\000d\000\040\000D\000e\000t\000e\000c\000t\000i\000o\000n\000\040\000R\000e\000s\000u\000l\000t\000s}{section.61}% 35
\BOOKMARK [2][-]{subsection.69}{\376\377\000O\000p\000e\000r\000a\000t\000i\000n\000g\000\040\000S\000y\000s\000t\000e\000m\000\040\000L\000i\000m\000i\000t\000a\000t\000i\000o\000n\000s}{section.61}% 36
\BOOKMARK [2][-]{subsection.71}{\376\377\000I\000m\000p\000a\000c\000t\000\040\000o\000f\000\040\000C\000o\000m\000p\000i\000l\000e\000r\000\040\000V\000a\000r\000i\000a\000t\000i\000o\000n\000s}{section.61}% 37
\BOOKMARK [2][-]{subsection.73}{\376\377\000I\000m\000p\000a\000c\000t\000\040\000o\000f\000\040\000O\000p\000t\000i\000m\000i\000z\000a\000t\000i\000o\000n\000\040\000F\000l\000a\000g\000s}{section.61}% 38
\BOOKMARK [2][-]{subsection.74}{\376\377\000I\000m\000p\000a\000c\000t\000\040\000o\000f\000\040\000D\000i\000f\000f\000e\000r\000e\000n\000t\000\040\000A\000l\000g\000o\000r\000i\000t\000h\000m\000\040\000V\000e\000r\000s\000i\000o\000n\000s}{section.61}% 39
\BOOKMARK [2][-]{subsection.76}{\376\377\000I\000m\000p\000a\000c\000t\000\040\000o\000f\000\040\000I\000n\000t\000e\000n\000t\000i\000o\000n\000a\000l\000\040\000E\000v\000a\000s\000i\000o\000n\000\040\000T\000a\000c\000t\000i\000c\000s}{section.61}% 40
\BOOKMARK [1][-]{section.78}{\376\377\000D\000i\000s\000c\000u\000s\000s\000i\000o\000n}{chapter.11}% 41
\BOOKMARK [2][-]{subsection.79}{\376\377\000A\000p\000p\000r\000o\000a\000c\000h\000e\000s\000\040\000t\000o\000\040\000A\000l\000g\000o\000r\000i\000t\000h\000m\000\040\000D\000e\000t\000e\000c\000t\000i\000o\000n\000\040\000i\000n\000\040\000T\000o\000o\000l\000s}{section.78}% 42
\BOOKMARK [2][-]{subsection.80}{\376\377\000A\000I\000/\000M\000L\000\040\000A\000p\000p\000r\000o\000a\000c\000h}{section.78}% 43
\BOOKMARK [2][-]{subsection.81}{\376\377\000L\000a\000c\000k\000\040\000o\000f\000\040\000S\000u\000p\000p\000o\000r\000t\000\040\000f\000o\000r\000\040\000M\000o\000d\000e\000r\000n\000\040\000C\000r\000y\000p\000t\000o\000g\000r\000a\000p\000h\000i\000c\000\040\000A\000l\000g\000o\000r\000i\000t\000h\000m\000s}{section.78}% 44
\BOOKMARK [2][-]{subsection.82}{\376\377\000C\000o\000m\000p\000a\000r\000a\000t\000i\000v\000e\000\040\000D\000e\000t\000e\000c\000t\000i\000o\000n\000\040\000o\000f\000\040\000S\000i\000m\000i\000l\000a\000r\000\040\000A\000l\000g\000o\000r\000i\000t\000h\000m\000s\000\040\000A\000c\000r\000o\000s\000s\000\040\000V\000a\000r\000i\000o\000u\000s\000\040\000T\000o\000o\000l\000s}{section.78}% 45
\BOOKMARK [2][-]{subsection.84}{\376\377\000U\000s\000e\000r\000\040\000E\000x\000p\000e\000r\000i\000e\000n\000c\000e}{section.78}% 46
\BOOKMARK [2][-]{subsection.85}{\376\377\000C\000h\000a\000l\000l\000e\000n\000g\000e\000s\000\040\000f\000o\000r\000\040\000F\000u\000t\000u\000r\000e\000\040\000R\000e\000s\000e\000a\000r\000c\000h}{section.78}% 47
\BOOKMARK [1][-]{section.86}{\376\377\000C\000o\000n\000c\000l\000u\000s\000i\000o\000n}{chapter.11}% 48
\BOOKMARK [0][-]{chapter.87}{\376\377\000S\000N\000A\000R\000K\000P\000R\000O\000B\000E\000:\000\040\000A\000N\000\040\000A\000U\000T\000O\000M\000A\000T\000E\000D\000\040\000S\000E\000C\000U\000R\000I\000T\000Y\000\040\000A\000N\000A\000L\000Y\000S\000I\000S\000\040\000F\000R\000A\000M\000E\000W\000O\000R\000K\000\040\000F\000O\000R\000\040\000Z\000K\000S\000N\000A\000R\000K\000\040\000I\000M\000P\000L\000E\000M\000E\000N\000T\000A\000T\000I\000O\000N\000S}{}% 49
\BOOKMARK [1][-]{section.90}{\376\377\000I\000n\000t\000r\000o\000d\000u\000c\000t\000i\000o\000n}{chapter.87}% 50
\BOOKMARK [2][-]{subsection.95}{\376\377\000O\000u\000r\000\040\000C\000o\000n\000t\000r\000i\000b\000u\000t\000i\000o\000n\000s}{section.90}% 51
\BOOKMARK [2][-]{subsection.98}{\376\377\000C\000h\000a\000p\000t\000e\000r\000\040\000O\000r\000g\000a\000n\000i\000z\000a\000t\000i\000o\000n}{section.90}% 52
\BOOKMARK [1][-]{section.99}{\376\377\000B\000a\000c\000k\000g\000r\000o\000u\000n\000d\000\040\000a\000n\000d\000\040\000R\000e\000l\000a\000t\000e\000d\000\040\000W\000o\000r\000k}{chapter.87}% 53
\BOOKMARK [2][-]{subsection.100}{\376\377\000B\000a\000c\000k\000g\000r\000o\000u\000n\000d}{section.99}% 54
\BOOKMARK [2][-]{subsection.101}{\376\377\000R\000e\000l\000a\000t\000e\000d\000\040\000W\000o\000r\000k\000s}{section.99}% 55
\BOOKMARK [2][-]{subsection.103}{\376\377\000C\000h\000a\000l\000l\000e\000n\000g\000e\000s\000\040\000a\000n\000d\000\040\000M\000o\000t\000i\000v\000a\000t\000i\000o\000n}{section.99}% 56
\BOOKMARK [1][-]{section.104}{\376\377\000O\000v\000e\000r\000v\000i\000e\000w}{chapter.87}% 57
\BOOKMARK [2][-]{subsection.105}{\376\377\000U\000s\000e\000r\000s\000\040\000a\000n\000d\000\040\000U\000s\000e\000\040\000C\000a\000s\000e\000s}{section.104}% 58
\BOOKMARK [2][-]{subsection.110}{\376\377\000W\000o\000r\000k\000f\000l\000o\000w}{section.104}% 59
\BOOKMARK [1][-]{section.111}{\376\377\000D\000e\000s\000i\000g\000n\000\040\000a\000n\000d\000\040\000I\000m\000p\000l\000e\000m\000e\000n\000t\000a\000t\000i\000o\000n}{chapter.87}% 60
\BOOKMARK [2][-]{subsection.112}{\376\377\000C\000o\000n\000s\000t\000r\000a\000i\000n\000t\000\040\000C\000h\000e\000c\000k\000e\000r}{section.111}% 61
\BOOKMARK [2][-]{subsection.154}{\376\377\000S\000n\000a\000r\000k\000F\000u\000z\000z\000e\000r}{section.111}% 62
\BOOKMARK [1][-]{section.165}{\376\377\000P\000e\000r\000f\000o\000r\000m\000a\000n\000c\000e\000\040\000E\000v\000a\000l\000u\000a\000t\000i\000o\000n}{chapter.87}% 63
\BOOKMARK [2][-]{subsection.166}{\376\377\000P\000e\000r\000f\000o\000r\000m\000a\000n\000c\000e\000\040\000o\000f\000\040\000t\000h\000e\000\040\000C\000o\000n\000s\000t\000r\000a\000i\000n\000t\000\040\000C\000h\000e\000c\000k\000e\000r}{section.165}% 64
\BOOKMARK [2][-]{subsection.168}{\376\377\000P\000e\000r\000f\000o\000r\000m\000a\000n\000c\000e\000\040\000o\000f\000\040\000S\000n\000a\000r\000k\000F\000u\000z\000z\000e\000r}{section.165}% 65
\BOOKMARK [1][-]{section.175}{\376\377\000E\000r\000r\000o\000r\000\040\000C\000a\000t\000c\000h\000i\000n\000g\000\040\000E\000v\000a\000l\000u\000a\000t\000i\000o\000n}{chapter.87}% 66
\BOOKMARK [2][-]{subsection.177}{\376\377\000P\000o\000t\000e\000n\000t\000i\000a\000l\000l\000y\000\040\000L\000o\000c\000a\000t\000a\000b\000l\000e\000\040\000i\000n\000\040\000C\000u\000r\000r\000e\000n\000t\000\040\000L\000i\000b\000r\000a\000r\000i\000e\000s}{section.175}% 67
\BOOKMARK [2][-]{subsection.179}{\376\377\000F\000o\000u\000n\000d\000\040\000i\000n\000\040\000C\000u\000r\000r\000e\000n\000t\000\040\000L\000i\000b\000r\000a\000r\000i\000e\000s}{section.175}% 68
\BOOKMARK [2][-]{subsection.185}{\376\377\000F\000o\000u\000n\000d\000\040\000i\000n\000\040\000P\000r\000e\000v\000i\000o\000u\000s\000\040\000V\000e\000r\000s\000i\000o\000n\000s\000\040\000o\000f\000\040\000L\000i\000b\000r\000a\000r\000i\000e\000s}{section.175}% 69
\BOOKMARK [1][-]{section.186}{\376\377\000C\000o\000n\000c\000l\000u\000s\000i\000o\000n}{chapter.87}% 70
\BOOKMARK [0][-]{chapter.187}{\376\377\000G\000R\000E\000Y\000-\000B\000O\000X\000\040\000D\000I\000F\000F\000E\000R\000E\000N\000T\000I\000A\000L\000\040\000F\000U\000Z\000Z\000I\000N\000G\000\040\000F\000O\000R\000\040\000Z\000E\000R\000O\000-\000K\000N\000O\000W\000L\000E\000D\000G\000E\000\040\000P\000R\000O\000O\000F\000\040\000B\000I\000N\000A\000R\000Y\000\040\000A\000P\000P\000L\000I\000C\000A\000T\000I\000O\000N\000S}{}% 71
\BOOKMARK [1][-]{section.188}{\376\377\000I\000n\000t\000r\000o\000d\000u\000c\000t\000i\000o\000n}{chapter.187}% 72
\BOOKMARK [1][-]{section.189}{\376\377\000B\000a\000c\000k\000g\000r\000o\000u\000n\000d}{chapter.187}% 73
\BOOKMARK [2][-]{subsection.190}{\376\377\000z\000k\000S\000N\000A\000R\000K}{section.189}% 74
\BOOKMARK [2][-]{subsection.191}{\376\377\000F\000u\000z\000z\000i\000n\000g}{section.189}% 75
\BOOKMARK [2][-]{subsection.192}{\376\377\000D\000i\000f\000f\000e\000r\000e\000n\000t\000i\000a\000l\000\040\000F\000u\000z\000z\000i\000n\000g}{section.189}% 76
\BOOKMARK [2][-]{subsection.193}{\376\377\000T\000a\000i\000n\000t\000\040\000T\000r\000a\000c\000k\000i\000n\000g}{section.189}% 77
\BOOKMARK [2][-]{subsection.194}{\376\377\000P\000r\000i\000o\000r\000\040\000W\000o\000r\000k}{section.189}% 78
\BOOKMARK [1][-]{section.197}{\376\377\000O\000v\000e\000r\000v\000i\000e\000w}{chapter.187}% 79
\BOOKMARK [2][-]{subsection.198}{\376\377\000S\000t\000r\000u\000c\000t\000u\000r\000e\000\040\000o\000f\000\040\000a\000\040\000z\000k\000S\000N\000A\000R\000K\000\040\000P\000r\000o\000g\000r\000a\000m}{section.197}% 80
\BOOKMARK [2][-]{subsection.200}{\376\377\000M\000o\000t\000i\000v\000a\000t\000i\000o\000n\000\040\000f\000o\000r\000\040\000G\000r\000e\000y\000-\000B\000o\000x\000\040\000F\000u\000z\000z\000i\000n\000g\000\040\000o\000f\000\040\000z\000k\000S\000N\000A\000R\000K\000\040\000P\000r\000o\000g\000r\000a\000m\000s}{section.197}% 81
\BOOKMARK [2][-]{subsection.201}{\376\377\000W\000o\000r\000k\000f\000l\000o\000w}{section.197}% 82
\BOOKMARK [2][-]{subsection.203}{\376\377\000U\000s\000e\000r\000s\000\040\000a\000n\000d\000\040\000U\000s\000e\000\040\000C\000a\000s\000e\000s}{section.197}% 83
\BOOKMARK [2][-]{subsection.204}{\376\377\000S\000t\000r\000u\000c\000t\000u\000r\000e\000\040\000o\000f\000\040\000t\000h\000i\000s\000\040\000P\000a\000p\000e\000r}{section.197}% 84
\BOOKMARK [1][-]{section.205}{\376\377\000D\000i\000f\000f\000e\000r\000e\000n\000t\000i\000a\000l\000\040\000F\000u\000z\000z\000i\000n\000g}{chapter.187}% 85
\BOOKMARK [1][-]{section.219}{\376\377\000I\000n\000p\000u\000t\000\040\000F\000o\000r\000m\000a\000t\000t\000e\000r}{chapter.187}% 86
\BOOKMARK [2][-]{subsection.220}{\376\377\000S\000e\000e\000d\000\040\000S\000c\000h\000e\000d\000u\000l\000i\000n\000g}{section.219}% 87
\BOOKMARK [2][-]{subsection.222}{\376\377\000E\000x\000t\000r\000a\000c\000t\000i\000n\000g\000\040\000S\000e\000e\000d\000\040\000S\000t\000r\000u\000c\000t\000u\000r\000e}{section.219}% 88
\BOOKMARK [2][-]{subsection.223}{\376\377\000S\000e\000e\000d\000\040\000G\000e\000n\000e\000r\000a\000t\000i\000o\000n\000\040\000a\000n\000d\000\040\000M\000u\000t\000a\000t\000i\000o\000n}{section.219}% 89
\BOOKMARK [1][-]{section.225}{\376\377\000C\000o\000v\000e\000r\000a\000g\000e\000\040\000M\000o\000n\000i\000t\000o\000r}{chapter.187}% 90
\BOOKMARK [2][-]{subsection.226}{\376\377\000z\000k\000S\000N\000A\000R\000K\000\040\000C\000o\000d\000e\000\040\000B\000r\000a\000n\000c\000h\000e\000s}{section.225}% 91
\BOOKMARK [2][-]{subsection.227}{\376\377\000B\000r\000a\000n\000c\000h\000\040\000I\000d\000e\000n\000t\000i\000f\000i\000c\000a\000t\000i\000o\000n}{section.225}% 92
\BOOKMARK [2][-]{subsection.228}{\376\377\000C\000o\000n\000t\000r\000o\000l\000-\000D\000e\000p\000e\000n\000d\000e\000n\000c\000y\000-\000A\000w\000a\000r\000e\000\040\000T\000a\000i\000n\000t\000\040\000T\000r\000a\000c\000k\000i\000n\000g}{section.225}% 93
\BOOKMARK [2][-]{subsection.249}{\376\377\000B\000r\000a\000n\000c\000h\000\040\000T\000r\000a\000c\000k\000i\000n\000g}{section.225}% 94
\BOOKMARK [1][-]{section.261}{\376\377\000E\000r\000r\000o\000r\000\040\000L\000o\000c\000a\000t\000o\000r}{chapter.187}% 95
\BOOKMARK [2][-]{subsection.263}{\376\377\000E\000r\000r\000o\000r\000\040\000M\000o\000d\000e\000l}{section.261}% 96
\BOOKMARK [2][-]{subsection.264}{\376\377\000I\000d\000e\000n\000t\000i\000f\000y\000i\000n\000g\000\040\000P\000r\000o\000v\000e\000r\000\040\000a\000n\000d\000\040\000V\000e\000r\000i\000f\000i\000e\000r\000\040\000C\000o\000m\000p\000o\000n\000e\000n\000t\000s}{section.261}% 97
\BOOKMARK [2][-]{subsection.265}{\376\377\000L\000o\000c\000a\000l\000i\000z\000a\000t\000i\000o\000n\000\040\000P\000r\000o\000c\000e\000d\000u\000r\000e}{section.261}% 98
\BOOKMARK [2][-]{subsection.266}{\376\377\000S\000t\000e\000p\000\040\0001\000:\000\040\000C\000i\000r\000c\000u\000i\000t\000\040\000V\000a\000l\000i\000d\000a\000t\000i\000o\000n}{section.261}% 99
\BOOKMARK [2][-]{subsection.267}{\376\377\000S\000t\000e\000p\000\040\0002\000:\000\040\000P\000r\000o\000v\000e\000r\000-\000S\000i\000d\000e\000\040\000W\000i\000t\000n\000e\000s\000s\000\040\000C\000o\000n\000v\000e\000r\000s\000i\000o\000n}{section.261}% 100
\BOOKMARK [2][-]{subsection.268}{\376\377\000S\000t\000e\000p\000\040\0003\000:\000\040\000V\000e\000r\000i\000f\000i\000e\000r\000-\000S\000i\000d\000e\000\040\000P\000u\000b\000l\000i\000c\000-\000I\000n\000p\000u\000t\000\040\000C\000o\000n\000v\000e\000r\000s\000i\000o\000n}{section.261}% 101
\BOOKMARK [2][-]{subsection.269}{\376\377\000S\000t\000e\000p\000\040\0004\000:\000\040\000V\000e\000r\000i\000f\000i\000c\000a\000t\000i\000o\000n\000\040\000F\000u\000n\000c\000t\000i\000o\000n\000\040\000C\000h\000e\000c\000k\000i\000n\000g}{section.261}% 102
\BOOKMARK [2][-]{subsection.270}{\376\377\000S\000t\000e\000p\000\040\0005\000:\000\040\000F\000i\000n\000a\000l\000\040\000V\000e\000r\000i\000f\000i\000c\000a\000t\000i\000o\000n}{section.261}% 103
\BOOKMARK [1][-]{section.271}{\376\377\000E\000v\000a\000l\000u\000a\000t\000i\000o\000n}{chapter.187}% 104
\BOOKMARK [2][-]{subsection.272}{\376\377\000S\000e\000e\000d\000\040\000G\000e\000n\000e\000r\000a\000t\000i\000o\000n}{section.271}% 105
\BOOKMARK [2][-]{subsection.274}{\376\377\000C\000o\000v\000e\000r\000a\000g\000e\000\040\000E\000v\000a\000l\000u\000a\000t\000i\000o\000n}{section.271}% 106
\BOOKMARK [2][-]{subsection.276}{\376\377\000P\000e\000r\000f\000o\000r\000m\000a\000n\000c\000e\000\040\000E\000v\000a\000l\000u\000a\000t\000i\000o\000n}{section.271}% 107
\BOOKMARK [1][-]{section.278}{\376\377\000D\000i\000s\000c\000u\000s\000s\000i\000o\000n}{chapter.187}% 108
\BOOKMARK [2][-]{subsection.279}{\376\377\000U\000n\000u\000s\000e\000d\000\040\000V\000a\000r\000i\000a\000b\000l\000e\000s\000\040\000I\000s\000s\000u\000e\000s\000\040\000i\000n\000\040\000C\000i\000r\000c\000u\000i\000t}{section.278}% 109
\BOOKMARK [2][-]{subsection.280}{\376\377\000z\000k\000S\000N\000A\000R\000K\000\040\000i\000n\000\040\000F\000e\000d\000e\000r\000a\000t\000e\000d\000\040\000L\000e\000a\000r\000n\000i\000n\000g}{section.278}% 110
\BOOKMARK [1][-]{section.281}{\376\377\000F\000u\000t\000u\000r\000e\000\040\000W\000o\000r\000k}{chapter.187}% 111
\BOOKMARK [0][-]{chapter.282}{\376\377\000C\000O\000N\000C\000L\000U\000S\000I\000O\000N\000\040\000\046\000\040\000F\000U\000T\000U\000R\000E\000\040\000W\000O\000R\000K}{}% 112
\BOOKMARK [0][-]{chapter*.283}{\376\377\000R\000E\000F\000E\000R\000E\000N\000C\000E\000S}{}% 113
\BOOKMARK [0][-]{chapter.284}{\376\377\000A\000P\000P\000E\000N\000D\000I\000X\000\040\000F\000O\000R\000\040\000C\000H\000A\000P\000T\000E\000R\000\040\0002}{}% 114
\BOOKMARK [1][-]{section.285}{\376\377\000P\000r\000o\000c\000e\000d\000u\000r\000e\000\040\000f\000o\000r\000\040\000R\000+\000R\000\040\000E\000v\000a\000l\000u\000a\000t\000i\000o\000n}{chapter.284}% 115
\BOOKMARK [2][-]{subsection.286}{\376\377\000S\000t\000e\000p\000s\000\040\000i\000n\000\040\000o\000u\000r\000\040\000R\000e\000p\000r\000o\000d\000u\000c\000t\000i\000o\000n\000\040\000E\000v\000a\000l\000u\000a\000t\000i\000o\000n}{section.285}% 116
\BOOKMARK [2][-]{subsection.291}{\376\377\000S\000t\000e\000p\000s\000\040\000i\000n\000\040\000o\000u\000r\000\040\000R\000e\000p\000l\000i\000c\000a\000t\000i\000o\000n\000\040\000E\000v\000a\000l\000u\000a\000t\000i\000o\000n}{section.285}% 117
\BOOKMARK [1][-]{section.296}{\376\377\000A\000d\000d\000i\000t\000i\000o\000n\000a\000l\000\040\000D\000i\000s\000c\000u\000s\000s\000i\000o\000n\000\040\000f\000o\000r\000\040\000C\000r\000y\000p\000t\000o\000g\000r\000a\000p\000h\000i\000c\000\040\000F\000u\000n\000c\000t\000i\000o\000n\000\040\000D\000e\000t\000e\000c\000t\000i\000o\000n\000\040\000T\000o\000o\000l\000s}{chapter.284}% 118
\BOOKMARK [2][-]{subsection.297}{\376\377\000A\000l\000i\000g\000o\000t}{section.296}% 119
\BOOKMARK [2][-]{subsection.298}{\376\377\000C\000r\000y\000p\000t\000o\000H\000u\000n\000t}{section.296}% 120
\BOOKMARK [2][-]{subsection.299}{\376\377\000C\000r\000y\000p\000t\000o\000K\000n\000i\000g\000h\000t}{section.296}% 121
\BOOKMARK [2][-]{subsection.300}{\376\377\000D\000r\000a\000f\000t\000\040\000C\000r\000y\000p\000t\000o\000\040\000A\000n\000a\000l\000y\000z\000e\000r\000\040\000\050\000D\000R\000A\000C\000A\000\051}{section.296}% 122
\BOOKMARK [2][-]{subsection.301}{\376\377\000F\000i\000n\000d\000C\000r\000y\000p\000t\0002}{section.296}% 123
\BOOKMARK [2][-]{subsection.302}{\376\377\000H\000C\000D}{section.296}% 124
\BOOKMARK [2][-]{subsection.303}{\376\377\000P\000E\000i\000D\000\040\000K\000A\000N\000A\000L}{section.296}% 125
\BOOKMARK [2][-]{subsection.304}{\376\377\000S\000i\000g\000n\000s\000r\000c\000h}{section.296}% 126
\BOOKMARK [2][-]{subsection.305}{\376\377\000W\000h\000e\000r\000e\000'\000s\000\040\000C\000r\000y\000p\000t\000o}{section.296}% 127
\BOOKMARK [0][-]{chapter.306}{\376\377\000A\000P\000P\000E\000N\000D\000I\000X\000\040\000F\000O\000R\000\040\000C\000H\000A\000P\000T\000E\000R\000\040\0003}{}% 128
\BOOKMARK [1][-]{section.307}{\376\377\000A\000n\000\040\000O\000p\000t\000i\000m\000i\000z\000a\000t\000i\000o\000n\000\040\000f\000o\000r\000\040\000t\000h\000e\000\040\000S\000M\000T\000\040\000S\000o\000l\000v\000e\000r}{chapter.306}% 129
\BOOKMARK [1][-]{section.308}{\376\377\000D\000o\000m\000a\000i\000n\000\040\000G\000a\000p\000\040\000I\000s\000s\000u\000e\000s}{chapter.306}% 130
\BOOKMARK [2][-]{subsection.309}{\376\377\000D\000o\000m\000a\000i\000n\000\040\000G\000a\000p\000\040\000i\000n\000\040\000S\000t\000a\000t\000e\000m\000e\000n\000t\000\040\000E\000q\000u\000a\000t\000i\000o\000n\000s}{section.308}% 131
\BOOKMARK [2][-]{subsection.310}{\376\377\000D\000o\000m\000a\000i\000n\000\040\000G\000a\000p\000\040\000i\000n\000\040\000R\0001\000C\000S\000\040\000G\000a\000t\000e\000s}{section.308}% 132
